INFO  20:24:22,587 LogHelper  - HHH000204: Processing PersistenceUnitInfo [
	name: default
	...]
INFO  20:24:22,742 Version  - HHH000412: Hibernate Core {5.2.12.Final}
INFO  20:24:22,743 Environment  - HHH000206: hibernate.properties not found
INFO  20:24:22,824 Version  - HCANN000001: Hibernate Commons Annotations {5.0.1.Final}
WARN  20:24:23,134 JdbcEnvironmentInitiator  - HHH000342: Could not obtain connection to query metadata : path to 'database/libra.db': '/Users/Filipe/Documents/Work-Trader/cryptobot.libra/database' does not exist
INFO  20:34:37,377 LogHelper  - HHH000204: Processing PersistenceUnitInfo [
	name: default
	...]
INFO  20:34:37,544 Version  - HHH000412: Hibernate Core {5.2.12.Final}
INFO  20:34:37,545 Environment  - HHH000206: hibernate.properties not found
INFO  20:34:37,624 Version  - HCANN000001: Hibernate Commons Annotations {5.0.1.Final}
WARN  20:34:37,875 JdbcEnvironmentInitiator  - HHH000342: Could not obtain connection to query metadata : path to 'database/libra.db': '/Users/Filipe/Documents/Work-Trader/cryptobot.libra/database' does not exist
INFO  20:38:45,390 LogHelper  - HHH000204: Processing PersistenceUnitInfo [
	name: default
	...]
INFO  20:38:45,549 Version  - HHH000412: Hibernate Core {5.2.12.Final}
INFO  20:38:45,551 Environment  - HHH000206: hibernate.properties not found
INFO  20:38:45,629 Version  - HCANN000001: Hibernate Commons Annotations {5.0.1.Final}
WARN  20:38:45,872 JdbcEnvironmentInitiator  - HHH000342: Could not obtain connection to query metadata : path to 'database/libra.db': '/Users/Filipe/Documents/Work-Trader/cryptobot.libra/database' does not exist
INFO  20:38:45,894 Dialect  - HHH000400: Using dialect: org.hibernate.dialect.SQLiteDialect
INFO  20:38:45,923 LobCreatorBuilderImpl  - HHH000422: Disabling contextual LOB creation as connection was null
ERROR 20:38:46,635 IdTableHelper  - Unable obtain JDBC Connection
java.sql.SQLException: path to 'database/libra.db': '/Users/Filipe/Documents/Work-Trader/cryptobot.libra/database' does not exist
	at org.sqlite.core.CoreConnection.open(CoreConnection.java:192)
	at org.sqlite.core.CoreConnection.<init>(CoreConnection.java:76)
	at org.sqlite.jdbc3.JDBC3Connection.<init>(JDBC3Connection.java:25)
	at org.sqlite.jdbc4.JDBC4Connection.<init>(JDBC4Connection.java:24)
	at org.sqlite.SQLiteConnection.<init>(SQLiteConnection.java:45)
	at org.sqlite.JDBC.createConnection(JDBC.java:114)
	at org.sqlite.JDBC.connect(JDBC.java:88)
	at java.sql.DriverManager.getConnection(DriverManager.java:664)
	at java.sql.DriverManager.getConnection(DriverManager.java:208)
	at org.springframework.jdbc.datasource.DriverManagerDataSource.getConnectionFromDriverManager(DriverManagerDataSource.java:154)
	at org.springframework.jdbc.datasource.DriverManagerDataSource.getConnectionFromDriver(DriverManagerDataSource.java:145)
	at org.springframework.jdbc.datasource.AbstractDriverBasedDataSource.getConnectionFromDriver(AbstractDriverBasedDataSource.java:205)
	at org.springframework.jdbc.datasource.AbstractDriverBasedDataSource.getConnection(AbstractDriverBasedDataSource.java:169)
	at org.hibernate.engine.jdbc.connections.internal.DatasourceConnectionProviderImpl.getConnection(DatasourceConnectionProviderImpl.java:122)
	at org.hibernate.internal.SessionFactoryImpl$1.obtainConnection(SessionFactoryImpl.java:428)
	at org.hibernate.hql.spi.id.IdTableHelper.executeIdTableCreationStatements(IdTableHelper.java:67)
	at org.hibernate.hql.spi.id.persistent.PersistentTableBulkIdStrategy.finishPreparation(PersistentTableBulkIdStrategy.java:144)
	at org.hibernate.hql.spi.id.persistent.PersistentTableBulkIdStrategy.finishPreparation(PersistentTableBulkIdStrategy.java:43)
	at org.hibernate.hql.spi.id.AbstractMultiTableBulkIdStrategyImpl.prepare(AbstractMultiTableBulkIdStrategyImpl.java:88)
	at org.hibernate.internal.SessionFactoryImpl.<init>(SessionFactoryImpl.java:306)
	at org.hibernate.boot.internal.SessionFactoryBuilderImpl.build(SessionFactoryBuilderImpl.java:452)
	at org.hibernate.jpa.boot.internal.EntityManagerFactoryBuilderImpl.build(EntityManagerFactoryBuilderImpl.java:889)
	at org.springframework.orm.jpa.vendor.SpringHibernateJpaPersistenceProvider.createContainerEntityManagerFactory(SpringHibernateJpaPersistenceProvider.java:57)
	at org.springframework.orm.jpa.LocalContainerEntityManagerFactoryBean.createNativeEntityManagerFactory(LocalContainerEntityManagerFactoryBean.java:365)
	at org.springframework.orm.jpa.AbstractEntityManagerFactoryBean.buildNativeEntityManagerFactory(AbstractEntityManagerFactoryBean.java:388)
	at org.springframework.orm.jpa.AbstractEntityManagerFactoryBean.afterPropertiesSet(AbstractEntityManagerFactoryBean.java:377)
	at org.springframework.orm.jpa.LocalContainerEntityManagerFactoryBean.afterPropertiesSet(LocalContainerEntityManagerFactoryBean.java:341)
	at org.springframework.beans.factory.support.AbstractAutowireCapableBeanFactory.invokeInitMethods(AbstractAutowireCapableBeanFactory.java:1769)
	at org.springframework.beans.factory.support.AbstractAutowireCapableBeanFactory.initializeBean(AbstractAutowireCapableBeanFactory.java:1706)
	at org.springframework.beans.factory.support.AbstractAutowireCapableBeanFactory.doCreateBean(AbstractAutowireCapableBeanFactory.java:583)
	at org.springframework.beans.factory.support.AbstractAutowireCapableBeanFactory.createBean(AbstractAutowireCapableBeanFactory.java:502)
	at org.springframework.beans.factory.support.AbstractBeanFactory.lambda$doGetBean$0(AbstractBeanFactory.java:312)
	at org.springframework.beans.factory.support.DefaultSingletonBeanRegistry.getSingleton(DefaultSingletonBeanRegistry.java:228)
	at org.springframework.beans.factory.support.AbstractBeanFactory.doGetBean(AbstractBeanFactory.java:310)
	at org.springframework.beans.factory.support.AbstractBeanFactory.getBean(AbstractBeanFactory.java:200)
	at org.springframework.context.support.AbstractApplicationContext.getBean(AbstractApplicationContext.java:1085)
	at org.springframework.context.support.AbstractApplicationContext.finishBeanFactoryInitialization(AbstractApplicationContext.java:858)
	at org.springframework.context.support.AbstractApplicationContext.refresh(AbstractApplicationContext.java:549)
	at org.springframework.context.support.ClassPathXmlApplicationContext.<init>(ClassPathXmlApplicationContext.java:144)
	at org.springframework.context.support.ClassPathXmlApplicationContext.<init>(ClassPathXmlApplicationContext.java:85)
	at arbitrail.libra.Test.main(Test.java:13)
WARN  20:38:46,686 SqlExceptionHelper  - SQL Error: 0, SQLState: null
ERROR 20:38:46,686 SqlExceptionHelper  - path to 'database/libra.db': '/Users/Filipe/Documents/Work-Trader/cryptobot.libra/database' does not exist
INFO  20:57:36,687 LogHelper  - HHH000204: Processing PersistenceUnitInfo [
	name: default
	...]
INFO  20:57:36,861 Version  - HHH000412: Hibernate Core {5.2.12.Final}
INFO  20:57:36,862 Environment  - HHH000206: hibernate.properties not found
INFO  20:57:36,943 Version  - HCANN000001: Hibernate Commons Annotations {5.0.1.Final}
INFO  20:57:37,354 Dialect  - HHH000400: Using dialect: org.hibernate.dialect.SQLiteDialect
INFO  20:57:37,443 LobCreatorBuilderImpl  - HHH000423: Disabling contextual LOB creation as JDBC driver reported JDBC version [2] less than 4
INFO  20:57:38,176 SchemaCreatorImpl  - HHH000476: Executing import script 'org.hibernate.tool.schema.internal.exec.ScriptSourceInputNonExistentImpl@3af37506'
INFO  21:46:50,732 LogHelper  - HHH000204: Processing PersistenceUnitInfo [
	name: default
	...]
INFO  21:46:50,902 Version  - HHH000412: Hibernate Core {5.2.12.Final}
INFO  21:46:50,904 Environment  - HHH000206: hibernate.properties not found
INFO  21:46:50,979 Version  - HCANN000001: Hibernate Commons Annotations {5.0.1.Final}
INFO  21:46:51,408 Dialect  - HHH000400: Using dialect: org.hibernate.dialect.SQLiteDialect
INFO  21:46:51,487 LobCreatorBuilderImpl  - HHH000423: Disabling contextual LOB creation as JDBC driver reported JDBC version [2] less than 4
INFO  21:46:52,324 SchemaCreatorImpl  - HHH000476: Executing import script 'org.hibernate.tool.schema.internal.exec.ScriptSourceInputNonExistentImpl@11a82d0f'
INFO  21:49:16,712 LogHelper  - HHH000204: Processing PersistenceUnitInfo [
	name: default
	...]
INFO  21:49:16,896 Version  - HHH000412: Hibernate Core {5.2.12.Final}
INFO  21:49:16,899 Environment  - HHH000206: hibernate.properties not found
INFO  21:49:16,985 Version  - HCANN000001: Hibernate Commons Annotations {5.0.1.Final}
INFO  21:49:17,428 Dialect  - HHH000400: Using dialect: org.hibernate.dialect.SQLiteDialect
INFO  21:49:17,517 LobCreatorBuilderImpl  - HHH000423: Disabling contextual LOB creation as JDBC driver reported JDBC version [2] less than 4
INFO  21:49:18,286 SchemaCreatorImpl  - HHH000476: Executing import script 'org.hibernate.tool.schema.internal.exec.ScriptSourceInputNonExistentImpl@68ee3b6d'
INFO  21:49:48,302 LogHelper  - HHH000204: Processing PersistenceUnitInfo [
	name: default
	...]
INFO  21:49:48,444 Version  - HHH000412: Hibernate Core {5.2.12.Final}
INFO  21:49:48,445 Environment  - HHH000206: hibernate.properties not found
INFO  21:49:48,501 Version  - HCANN000001: Hibernate Commons Annotations {5.0.1.Final}
INFO  21:49:48,888 Dialect  - HHH000400: Using dialect: org.hibernate.dialect.SQLiteDialect
INFO  21:49:48,960 LobCreatorBuilderImpl  - HHH000423: Disabling contextual LOB creation as JDBC driver reported JDBC version [2] less than 4
INFO  21:49:49,599 SchemaCreatorImpl  - HHH000476: Executing import script 'org.hibernate.tool.schema.internal.exec.ScriptSourceInputNonExistentImpl@68ee3b6d'
INFO  21:58:04,323 LogHelper  - HHH000204: Processing PersistenceUnitInfo [
	name: default
	...]
INFO  21:58:04,530 Version  - HHH000412: Hibernate Core {5.2.12.Final}
INFO  21:58:04,531 Environment  - HHH000206: hibernate.properties not found
INFO  21:58:04,629 Version  - HCANN000001: Hibernate Commons Annotations {5.0.1.Final}
INFO  21:58:05,117 Dialect  - HHH000400: Using dialect: org.hibernate.dialect.SQLiteDialect
INFO  21:58:05,214 LobCreatorBuilderImpl  - HHH000423: Disabling contextual LOB creation as JDBC driver reported JDBC version [2] less than 4
INFO  21:58:06,079 SchemaCreatorImpl  - HHH000476: Executing import script 'org.hibernate.tool.schema.internal.exec.ScriptSourceInputNonExistentImpl@11eed657'
INFO  21:58:46,466 LogHelper  - HHH000204: Processing PersistenceUnitInfo [
	name: default
	...]
INFO  21:58:46,583 Version  - HHH000412: Hibernate Core {5.2.12.Final}
INFO  21:58:46,585 Environment  - HHH000206: hibernate.properties not found
INFO  21:58:46,642 Version  - HCANN000001: Hibernate Commons Annotations {5.0.1.Final}
INFO  21:58:47,004 Dialect  - HHH000400: Using dialect: org.hibernate.dialect.SQLiteDialect
INFO  21:58:47,075 LobCreatorBuilderImpl  - HHH000423: Disabling contextual LOB creation as JDBC driver reported JDBC version [2] less than 4
INFO  21:58:47,665 SchemaCreatorImpl  - HHH000476: Executing import script 'org.hibernate.tool.schema.internal.exec.ScriptSourceInputNonExistentImpl@788ba63e'
INFO  22:00:06,431 LogHelper  - HHH000204: Processing PersistenceUnitInfo [
	name: default
	...]
INFO  22:00:06,615 Version  - HHH000412: Hibernate Core {5.2.12.Final}
INFO  22:00:06,617 Environment  - HHH000206: hibernate.properties not found
INFO  22:00:06,707 Version  - HCANN000001: Hibernate Commons Annotations {5.0.1.Final}
INFO  22:00:07,153 Dialect  - HHH000400: Using dialect: org.hibernate.dialect.SQLiteDialect
INFO  22:00:07,237 LobCreatorBuilderImpl  - HHH000423: Disabling contextual LOB creation as JDBC driver reported JDBC version [2] less than 4
INFO  22:00:08,031 SchemaCreatorImpl  - HHH000476: Executing import script 'org.hibernate.tool.schema.internal.exec.ScriptSourceInputNonExistentImpl@68ee3b6d'
INFO  22:24:08,788 LogHelper  - HHH000204: Processing PersistenceUnitInfo [
	name: default
	...]
INFO  22:24:08,974 Version  - HHH000412: Hibernate Core {5.2.12.Final}
INFO  22:24:08,975 Environment  - HHH000206: hibernate.properties not found
INFO  22:24:09,070 Version  - HCANN000001: Hibernate Commons Annotations {5.0.1.Final}
INFO  22:24:09,543 Dialect  - HHH000400: Using dialect: org.hibernate.dialect.SQLiteDialect
INFO  22:24:09,626 LobCreatorBuilderImpl  - HHH000423: Disabling contextual LOB creation as JDBC driver reported JDBC version [2] less than 4
INFO  22:24:10,466 SchemaCreatorImpl  - HHH000476: Executing import script 'org.hibernate.tool.schema.internal.exec.ScriptSourceInputNonExistentImpl@6415f61e'
INFO  22:25:53,273 LogHelper  - HHH000204: Processing PersistenceUnitInfo [
	name: default
	...]
INFO  22:25:53,390 Version  - HHH000412: Hibernate Core {5.2.12.Final}
INFO  22:25:53,392 Environment  - HHH000206: hibernate.properties not found
INFO  22:25:53,445 Version  - HCANN000001: Hibernate Commons Annotations {5.0.1.Final}
INFO  22:25:53,813 Dialect  - HHH000400: Using dialect: org.hibernate.dialect.SQLiteDialect
INFO  22:25:53,894 LobCreatorBuilderImpl  - HHH000423: Disabling contextual LOB creation as JDBC driver reported JDBC version [2] less than 4
INFO  22:25:54,487 SchemaCreatorImpl  - HHH000476: Executing import script 'org.hibernate.tool.schema.internal.exec.ScriptSourceInputNonExistentImpl@19a31b9d'
INFO  22:25:54,566 SchemaDropperImpl$DelayedDropActionImpl  - HHH000477: Starting delayed drop of schema as part of SessionFactory shut-down'
INFO  22:28:52,818 LogHelper  - HHH000204: Processing PersistenceUnitInfo [
	name: default
	...]
INFO  22:28:53,012 Version  - HHH000412: Hibernate Core {5.2.12.Final}
INFO  22:28:53,013 Environment  - HHH000206: hibernate.properties not found
INFO  22:28:53,108 Version  - HCANN000001: Hibernate Commons Annotations {5.0.1.Final}
INFO  22:28:53,590 Dialect  - HHH000400: Using dialect: org.hibernate.dialect.SQLiteDialect
INFO  22:28:53,641 LobCreatorBuilderImpl  - HHH000423: Disabling contextual LOB creation as JDBC driver reported JDBC version [2] less than 4
INFO  22:28:54,426 SchemaCreatorImpl  - HHH000476: Executing import script 'org.hibernate.tool.schema.internal.exec.ScriptSourceInputNonExistentImpl@5a0bef24'
INFO  22:30:25,414 LogHelper  - HHH000204: Processing PersistenceUnitInfo [
	name: default
	...]
INFO  22:30:25,592 Version  - HHH000412: Hibernate Core {5.2.12.Final}
INFO  22:30:25,594 Environment  - HHH000206: hibernate.properties not found
INFO  22:30:25,679 Version  - HCANN000001: Hibernate Commons Annotations {5.0.1.Final}
INFO  22:30:26,142 Dialect  - HHH000400: Using dialect: org.hibernate.dialect.SQLiteDialect
INFO  22:30:26,189 LobCreatorBuilderImpl  - HHH000423: Disabling contextual LOB creation as JDBC driver reported JDBC version [2] less than 4
INFO  22:30:26,963 SchemaCreatorImpl  - HHH000476: Executing import script 'org.hibernate.tool.schema.internal.exec.ScriptSourceInputNonExistentImpl@52b06bef'
INFO  22:32:57,697 LogHelper  - HHH000204: Processing PersistenceUnitInfo [
	name: default
	...]
INFO  22:32:57,885 Version  - HHH000412: Hibernate Core {5.2.12.Final}
INFO  22:32:57,887 Environment  - HHH000206: hibernate.properties not found
INFO  22:32:57,981 Version  - HCANN000001: Hibernate Commons Annotations {5.0.1.Final}
INFO  22:32:58,477 Dialect  - HHH000400: Using dialect: org.hibernate.dialect.SQLiteDialect
INFO  22:32:58,526 LobCreatorBuilderImpl  - HHH000423: Disabling contextual LOB creation as JDBC driver reported JDBC version [2] less than 4
INFO  22:32:59,322 SchemaCreatorImpl  - HHH000476: Executing import script 'org.hibernate.tool.schema.internal.exec.ScriptSourceInputNonExistentImpl@2f860823'
INFO  22:33:25,339 LogHelper  - HHH000204: Processing PersistenceUnitInfo [
	name: default
	...]
INFO  22:33:25,456 Version  - HHH000412: Hibernate Core {5.2.12.Final}
INFO  22:33:25,458 Environment  - HHH000206: hibernate.properties not found
INFO  22:33:25,518 Version  - HCANN000001: Hibernate Commons Annotations {5.0.1.Final}
INFO  22:33:25,933 Dialect  - HHH000400: Using dialect: org.hibernate.dialect.SQLiteDialect
INFO  22:33:25,974 LobCreatorBuilderImpl  - HHH000423: Disabling contextual LOB creation as JDBC driver reported JDBC version [2] less than 4
INFO  22:33:26,571 SchemaCreatorImpl  - HHH000476: Executing import script 'org.hibernate.tool.schema.internal.exec.ScriptSourceInputNonExistentImpl@52b06bef'
INFO  22:34:36,833 LogHelper  - HHH000204: Processing PersistenceUnitInfo [
	name: default
	...]
INFO  22:34:37,031 Version  - HHH000412: Hibernate Core {5.2.12.Final}
INFO  22:34:37,033 Environment  - HHH000206: hibernate.properties not found
INFO  22:34:37,121 Version  - HCANN000001: Hibernate Commons Annotations {5.0.1.Final}
INFO  22:34:37,600 Dialect  - HHH000400: Using dialect: org.hibernate.dialect.SQLiteDialect
INFO  22:34:37,693 LobCreatorBuilderImpl  - HHH000423: Disabling contextual LOB creation as JDBC driver reported JDBC version [2] less than 4
INFO  22:34:38,541 SchemaCreatorImpl  - HHH000476: Executing import script 'org.hibernate.tool.schema.internal.exec.ScriptSourceInputNonExistentImpl@37d28f02'
INFO  22:37:45,024 LogHelper  - HHH000204: Processing PersistenceUnitInfo [
	name: default
	...]
INFO  22:37:45,208 Version  - HHH000412: Hibernate Core {5.2.12.Final}
INFO  22:37:45,210 Environment  - HHH000206: hibernate.properties not found
INFO  22:37:45,306 Version  - HCANN000001: Hibernate Commons Annotations {5.0.1.Final}
INFO  22:37:45,804 Dialect  - HHH000400: Using dialect: org.hibernate.dialect.SQLiteDialect
INFO  22:37:45,851 LobCreatorBuilderImpl  - HHH000423: Disabling contextual LOB creation as JDBC driver reported JDBC version [2] less than 4
INFO  22:37:46,659 SchemaCreatorImpl  - HHH000476: Executing import script 'org.hibernate.tool.schema.internal.exec.ScriptSourceInputNonExistentImpl@5a0bef24'
INFO  23:00:54,831 LogHelper  - HHH000204: Processing PersistenceUnitInfo [
	name: default
	...]
INFO  23:00:55,018 Version  - HHH000412: Hibernate Core {5.2.12.Final}
INFO  23:00:55,020 Environment  - HHH000206: hibernate.properties not found
INFO  23:00:55,108 Version  - HCANN000001: Hibernate Commons Annotations {5.0.1.Final}
INFO  23:00:55,611 Dialect  - HHH000400: Using dialect: org.hibernate.dialect.SQLiteDialect
INFO  23:00:55,664 LobCreatorBuilderImpl  - HHH000423: Disabling contextual LOB creation as JDBC driver reported JDBC version [2] less than 4
INFO  23:00:56,488 SchemaCreatorImpl  - HHH000476: Executing import script 'org.hibernate.tool.schema.internal.exec.ScriptSourceInputNonExistentImpl@5a0bef24'
INFO  23:02:12,049 LogHelper  - HHH000204: Processing PersistenceUnitInfo [
	name: default
	...]
INFO  23:02:12,174 Version  - HHH000412: Hibernate Core {5.2.12.Final}
INFO  23:02:12,176 Environment  - HHH000206: hibernate.properties not found
INFO  23:02:12,231 Version  - HCANN000001: Hibernate Commons Annotations {5.0.1.Final}
INFO  23:02:12,650 Dialect  - HHH000400: Using dialect: org.hibernate.dialect.SQLiteDialect
INFO  23:02:12,687 LobCreatorBuilderImpl  - HHH000423: Disabling contextual LOB creation as JDBC driver reported JDBC version [2] less than 4
INFO  23:02:13,283 SchemaCreatorImpl  - HHH000476: Executing import script 'org.hibernate.tool.schema.internal.exec.ScriptSourceInputNonExistentImpl@15efda6c'
INFO  23:02:25,247 QueryTranslatorFactoryInitiator  - HHH000397: Using ASTQueryTranslatorFactory
INFO  23:02:57,421 LogHelper  - HHH000204: Processing PersistenceUnitInfo [
	name: default
	...]
INFO  23:02:57,549 Version  - HHH000412: Hibernate Core {5.2.12.Final}
INFO  23:02:57,550 Environment  - HHH000206: hibernate.properties not found
INFO  23:02:57,603 Version  - HCANN000001: Hibernate Commons Annotations {5.0.1.Final}
INFO  23:02:57,971 Dialect  - HHH000400: Using dialect: org.hibernate.dialect.SQLiteDialect
INFO  23:02:58,046 LobCreatorBuilderImpl  - HHH000423: Disabling contextual LOB creation as JDBC driver reported JDBC version [2] less than 4
INFO  23:02:58,716 SchemaCreatorImpl  - HHH000476: Executing import script 'org.hibernate.tool.schema.internal.exec.ScriptSourceInputNonExistentImpl@5a0bef24'
INFO  23:04:02,795 LogHelper  - HHH000204: Processing PersistenceUnitInfo [
	name: default
	...]
INFO  23:04:02,970 Version  - HHH000412: Hibernate Core {5.2.12.Final}
INFO  23:04:02,972 Environment  - HHH000206: hibernate.properties not found
INFO  23:04:03,059 Version  - HCANN000001: Hibernate Commons Annotations {5.0.1.Final}
INFO  23:04:03,529 Dialect  - HHH000400: Using dialect: org.hibernate.dialect.SQLiteDialect
INFO  23:04:03,623 LobCreatorBuilderImpl  - HHH000423: Disabling contextual LOB creation as JDBC driver reported JDBC version [2] less than 4
INFO  23:04:04,452 SchemaCreatorImpl  - HHH000476: Executing import script 'org.hibernate.tool.schema.internal.exec.ScriptSourceInputNonExistentImpl@52b06bef'
INFO  23:04:12,889 QueryTranslatorFactoryInitiator  - HHH000397: Using ASTQueryTranslatorFactory
INFO  23:25:45,382 LogHelper  - HHH000204: Processing PersistenceUnitInfo [
	name: default
	...]
INFO  23:25:45,578 Version  - HHH000412: Hibernate Core {5.2.12.Final}
INFO  23:25:45,580 Environment  - HHH000206: hibernate.properties not found
INFO  23:25:45,665 Version  - HCANN000001: Hibernate Commons Annotations {5.0.1.Final}
INFO  23:25:46,200 Dialect  - HHH000400: Using dialect: org.hibernate.dialect.SQLiteDialect
INFO  23:25:46,290 LobCreatorBuilderImpl  - HHH000423: Disabling contextual LOB creation as JDBC driver reported JDBC version [2] less than 4
INFO  23:25:47,155 SchemaCreatorImpl  - HHH000476: Executing import script 'org.hibernate.tool.schema.internal.exec.ScriptSourceInputNonExistentImpl@6c1cfa53'
INFO  23:26:12,013 LogHelper  - HHH000204: Processing PersistenceUnitInfo [
	name: default
	...]
INFO  23:26:12,132 Version  - HHH000412: Hibernate Core {5.2.12.Final}
INFO  23:26:12,134 Environment  - HHH000206: hibernate.properties not found
INFO  23:26:12,192 Version  - HCANN000001: Hibernate Commons Annotations {5.0.1.Final}
INFO  23:26:12,571 Dialect  - HHH000400: Using dialect: org.hibernate.dialect.SQLiteDialect
INFO  23:26:12,645 LobCreatorBuilderImpl  - HHH000423: Disabling contextual LOB creation as JDBC driver reported JDBC version [2] less than 4
INFO  23:26:13,271 SchemaCreatorImpl  - HHH000476: Executing import script 'org.hibernate.tool.schema.internal.exec.ScriptSourceInputNonExistentImpl@334ebcaa'
INFO  23:27:57,480 LogHelper  - HHH000204: Processing PersistenceUnitInfo [
	name: default
	...]
INFO  23:27:57,663 Version  - HHH000412: Hibernate Core {5.2.12.Final}
INFO  23:27:57,664 Environment  - HHH000206: hibernate.properties not found
INFO  23:27:57,754 Version  - HCANN000001: Hibernate Commons Annotations {5.0.1.Final}
INFO  23:27:58,232 Dialect  - HHH000400: Using dialect: org.hibernate.dialect.SQLiteDialect
INFO  23:27:58,314 LobCreatorBuilderImpl  - HHH000423: Disabling contextual LOB creation as JDBC driver reported JDBC version [2] less than 4
INFO  23:27:59,116 SchemaCreatorImpl  - HHH000476: Executing import script 'org.hibernate.tool.schema.internal.exec.ScriptSourceInputNonExistentImpl@2f860823'
INFO  23:27:59,232 SchemaDropperImpl$DelayedDropActionImpl  - HHH000477: Starting delayed drop of schema as part of SessionFactory shut-down'
INFO  00:33:41,470 LogHelper  - HHH000204: Processing PersistenceUnitInfo [
	name: default
	...]
INFO  00:33:41,623 Version  - HHH000412: Hibernate Core {5.2.12.Final}
INFO  00:33:41,624 Environment  - HHH000206: hibernate.properties not found
INFO  00:33:41,704 Version  - HCANN000001: Hibernate Commons Annotations {5.0.1.Final}
INFO  00:33:42,172 Dialect  - HHH000400: Using dialect: org.hibernate.dialect.SQLiteDialect
INFO  00:33:42,255 LobCreatorBuilderImpl  - HHH000423: Disabling contextual LOB creation as JDBC driver reported JDBC version [2] less than 4
INFO  00:33:42,958 SchemaCreatorImpl  - HHH000476: Executing import script 'org.hibernate.tool.schema.internal.exec.ScriptSourceInputNonExistentImpl@edf4f36'
INFO  00:42:29,186 LogHelper  - HHH000204: Processing PersistenceUnitInfo [
	name: default
	...]
INFO  00:42:29,338 Version  - HHH000412: Hibernate Core {5.2.12.Final}
INFO  00:42:29,339 Environment  - HHH000206: hibernate.properties not found
INFO  00:42:29,526 Version  - HCANN000001: Hibernate Commons Annotations {5.0.1.Final}
INFO  00:42:29,953 Dialect  - HHH000400: Using dialect: org.hibernate.dialect.SQLiteDialect
INFO  00:42:30,041 LobCreatorBuilderImpl  - HHH000423: Disabling contextual LOB creation as JDBC driver reported JDBC version [2] less than 4
INFO  00:42:30,743 SchemaCreatorImpl  - HHH000476: Executing import script 'org.hibernate.tool.schema.internal.exec.ScriptSourceInputNonExistentImpl@673bb956'
INFO  00:42:31,265 QueryTranslatorFactoryInitiator  - HHH000397: Using ASTQueryTranslatorFactory
